2022-02-25 14:38:54,427 INFO    MainThread:695471 [internal.py:wandb_internal():89] W&B internal server running at pid: 695471, started at: 2022-02-25 14:38:54.427627
2022-02-25 14:38:54,429 DEBUG   HandlerThread:695471 [handler.py:handle_request():131] handle_request: check_version
2022-02-25 14:38:54,429 INFO    WriterThread:695471 [datastore.py:open_for_write():77] open: /home/sandip/Desktop/DL/Assignment 1/wandb/run-20220225_143853-p9f6j5p5/run-p9f6j5p5.wandb
2022-02-25 14:38:54,430 DEBUG   SenderThread:695471 [sender.py:send():235] send: header
2022-02-25 14:38:54,430 DEBUG   SenderThread:695471 [sender.py:send_request():249] send_request: check_version
2022-02-25 14:38:54,459 DEBUG   SenderThread:695471 [sender.py:send():235] send: run
2022-02-25 14:38:54,745 INFO    SenderThread:695471 [dir_watcher.py:__init__():169] watching files in: /home/sandip/Desktop/DL/Assignment 1/wandb/run-20220225_143853-p9f6j5p5/files
2022-02-25 14:38:54,746 INFO    SenderThread:695471 [sender.py:_start_run_threads():809] run started: p9f6j5p5 with start time 1645780133
2022-02-25 14:38:54,746 DEBUG   SenderThread:695471 [sender.py:send():235] send: summary
2022-02-25 14:38:54,747 INFO    SenderThread:695471 [sender.py:_save_file():944] saving file wandb-summary.json with policy end
2022-02-25 14:38:54,749 DEBUG   HandlerThread:695471 [handler.py:handle_request():131] handle_request: run_start
2022-02-25 14:38:55,747 INFO    Thread-8  :695471 [dir_watcher.py:_on_file_created():217] file/dir created: /home/sandip/Desktop/DL/Assignment 1/wandb/run-20220225_143853-p9f6j5p5/files/wandb-summary.json
2022-02-25 14:38:56,026 DEBUG   HandlerThread:695471 [meta.py:__init__():36] meta init
2022-02-25 14:38:56,026 DEBUG   HandlerThread:695471 [meta.py:__init__():50] meta init done
2022-02-25 14:38:56,026 DEBUG   HandlerThread:695471 [meta.py:probe():210] probe
2022-02-25 14:38:56,026 DEBUG   HandlerThread:695471 [meta.py:_setup_git():200] setup git
2022-02-25 14:38:56,046 DEBUG   HandlerThread:695471 [meta.py:_setup_git():207] setup git done
2022-02-25 14:38:56,046 DEBUG   HandlerThread:695471 [meta.py:_save_pip():54] save pip
2022-02-25 14:38:56,046 DEBUG   HandlerThread:695471 [meta.py:_save_pip():68] save pip done
2022-02-25 14:38:56,047 DEBUG   HandlerThread:695471 [meta.py:_save_conda():75] save conda
2022-02-25 14:38:56,750 INFO    Thread-8  :695471 [dir_watcher.py:_on_file_created():217] file/dir created: /home/sandip/Desktop/DL/Assignment 1/wandb/run-20220225_143853-p9f6j5p5/files/conda-environment.yaml
2022-02-25 14:38:56,750 INFO    Thread-8  :695471 [dir_watcher.py:_on_file_created():217] file/dir created: /home/sandip/Desktop/DL/Assignment 1/wandb/run-20220225_143853-p9f6j5p5/files/requirements.txt
2022-02-25 14:38:59,535 DEBUG   HandlerThread:695471 [meta.py:_save_conda():85] save conda done
2022-02-25 14:38:59,535 DEBUG   HandlerThread:695471 [meta.py:probe():248] probe done
2022-02-25 14:38:59,537 DEBUG   SenderThread:695471 [sender.py:send():235] send: files
2022-02-25 14:38:59,537 INFO    SenderThread:695471 [sender.py:_save_file():944] saving file wandb-metadata.json with policy now
2022-02-25 14:38:59,543 DEBUG   HandlerThread:695471 [handler.py:handle_request():131] handle_request: stop_status
2022-02-25 14:38:59,543 DEBUG   SenderThread:695471 [sender.py:send_request():249] send_request: stop_status
2022-02-25 14:38:59,747 INFO    Thread-8  :695471 [dir_watcher.py:_on_file_modified():230] file/dir modified: /home/sandip/Desktop/DL/Assignment 1/wandb/run-20220225_143853-p9f6j5p5/files/conda-environment.yaml
2022-02-25 14:38:59,747 INFO    Thread-8  :695471 [dir_watcher.py:_on_file_created():217] file/dir created: /home/sandip/Desktop/DL/Assignment 1/wandb/run-20220225_143853-p9f6j5p5/files/output.log
2022-02-25 14:38:59,748 INFO    Thread-8  :695471 [dir_watcher.py:_on_file_created():217] file/dir created: /home/sandip/Desktop/DL/Assignment 1/wandb/run-20220225_143853-p9f6j5p5/files/wandb-metadata.json
2022-02-25 14:38:59,786 DEBUG   SenderThread:695471 [sender.py:send():235] send: run
2022-02-25 14:39:00,074 INFO    SenderThread:695471 [sender.py:send_run():707] updated run: p9f6j5p5
2022-02-25 14:39:00,542 INFO    Thread-11 :695471 [upload_job.py:push():137] Uploaded file /tmp/tmpflzuuy0bwandb/1e3wtxgr-wandb-metadata.json
2022-02-25 14:39:00,748 INFO    Thread-8  :695471 [dir_watcher.py:_on_file_modified():230] file/dir modified: /home/sandip/Desktop/DL/Assignment 1/wandb/run-20220225_143853-p9f6j5p5/files/config.yaml
2022-02-25 14:39:01,748 INFO    Thread-8  :695471 [dir_watcher.py:_on_file_modified():230] file/dir modified: /home/sandip/Desktop/DL/Assignment 1/wandb/run-20220225_143853-p9f6j5p5/files/output.log
2022-02-25 14:39:04,056 DEBUG   SenderThread:695471 [sender.py:send():235] send: history
2022-02-25 14:39:04,056 DEBUG   SenderThread:695471 [sender.py:send():235] send: summary
2022-02-25 14:39:04,057 INFO    SenderThread:695471 [sender.py:_save_file():944] saving file wandb-summary.json with policy end
2022-02-25 14:39:04,749 INFO    Thread-8  :695471 [dir_watcher.py:_on_file_modified():230] file/dir modified: /home/sandip/Desktop/DL/Assignment 1/wandb/run-20220225_143853-p9f6j5p5/files/wandb-summary.json
2022-02-25 14:39:05,749 INFO    Thread-8  :695471 [dir_watcher.py:_on_file_modified():230] file/dir modified: /home/sandip/Desktop/DL/Assignment 1/wandb/run-20220225_143853-p9f6j5p5/files/output.log
2022-02-25 14:39:09,342 DEBUG   SenderThread:695471 [sender.py:send():235] send: history
2022-02-25 14:39:09,342 DEBUG   SenderThread:695471 [sender.py:send():235] send: summary
2022-02-25 14:39:09,342 INFO    SenderThread:695471 [sender.py:_save_file():944] saving file wandb-summary.json with policy end
2022-02-25 14:39:09,750 INFO    Thread-8  :695471 [dir_watcher.py:_on_file_modified():230] file/dir modified: /home/sandip/Desktop/DL/Assignment 1/wandb/run-20220225_143853-p9f6j5p5/files/wandb-summary.json
2022-02-25 14:39:11,750 INFO    Thread-8  :695471 [dir_watcher.py:_on_file_modified():230] file/dir modified: /home/sandip/Desktop/DL/Assignment 1/wandb/run-20220225_143853-p9f6j5p5/files/output.log
2022-02-25 14:39:14,787 DEBUG   HandlerThread:695471 [handler.py:handle_request():131] handle_request: stop_status
2022-02-25 14:39:14,787 DEBUG   SenderThread:695471 [sender.py:send_request():249] send_request: stop_status
2022-02-25 14:39:15,266 DEBUG   SenderThread:695471 [sender.py:send():235] send: history
2022-02-25 14:39:15,266 DEBUG   SenderThread:695471 [sender.py:send():235] send: summary
2022-02-25 14:39:15,266 INFO    SenderThread:695471 [sender.py:_save_file():944] saving file wandb-summary.json with policy end
2022-02-25 14:39:15,751 INFO    Thread-8  :695471 [dir_watcher.py:_on_file_modified():230] file/dir modified: /home/sandip/Desktop/DL/Assignment 1/wandb/run-20220225_143853-p9f6j5p5/files/wandb-summary.json
2022-02-25 14:39:17,752 INFO    Thread-8  :695471 [dir_watcher.py:_on_file_modified():230] file/dir modified: /home/sandip/Desktop/DL/Assignment 1/wandb/run-20220225_143853-p9f6j5p5/files/output.log
2022-02-25 14:39:20,837 DEBUG   SenderThread:695471 [sender.py:send():235] send: history
2022-02-25 14:39:20,838 DEBUG   SenderThread:695471 [sender.py:send():235] send: summary
2022-02-25 14:39:20,838 INFO    SenderThread:695471 [sender.py:_save_file():944] saving file wandb-summary.json with policy end
2022-02-25 14:39:21,753 INFO    Thread-8  :695471 [dir_watcher.py:_on_file_modified():230] file/dir modified: /home/sandip/Desktop/DL/Assignment 1/wandb/run-20220225_143853-p9f6j5p5/files/output.log
2022-02-25 14:39:21,753 INFO    Thread-8  :695471 [dir_watcher.py:_on_file_modified():230] file/dir modified: /home/sandip/Desktop/DL/Assignment 1/wandb/run-20220225_143853-p9f6j5p5/files/wandb-summary.json
2022-02-25 14:39:24,103 DEBUG   SenderThread:695471 [sender.py:send():235] send: stats
2022-02-25 14:39:26,625 DEBUG   SenderThread:695471 [sender.py:send():235] send: history
2022-02-25 14:39:26,625 DEBUG   SenderThread:695471 [sender.py:send():235] send: summary
2022-02-25 14:39:26,625 INFO    SenderThread:695471 [sender.py:_save_file():944] saving file wandb-summary.json with policy end
2022-02-25 14:39:26,754 INFO    Thread-8  :695471 [dir_watcher.py:_on_file_modified():230] file/dir modified: /home/sandip/Desktop/DL/Assignment 1/wandb/run-20220225_143853-p9f6j5p5/files/wandb-summary.json
2022-02-25 14:39:27,754 INFO    Thread-8  :695471 [dir_watcher.py:_on_file_modified():230] file/dir modified: /home/sandip/Desktop/DL/Assignment 1/wandb/run-20220225_143853-p9f6j5p5/files/output.log
2022-02-25 14:39:30,037 DEBUG   HandlerThread:695471 [handler.py:handle_request():131] handle_request: stop_status
2022-02-25 14:39:30,037 DEBUG   SenderThread:695471 [sender.py:send_request():249] send_request: stop_status
2022-02-25 14:39:32,114 DEBUG   SenderThread:695471 [sender.py:send():235] send: history
2022-02-25 14:39:32,114 DEBUG   SenderThread:695471 [sender.py:send():235] send: summary
2022-02-25 14:39:32,114 INFO    SenderThread:695471 [sender.py:_save_file():944] saving file wandb-summary.json with policy end
2022-02-25 14:39:32,756 INFO    Thread-8  :695471 [dir_watcher.py:_on_file_modified():230] file/dir modified: /home/sandip/Desktop/DL/Assignment 1/wandb/run-20220225_143853-p9f6j5p5/files/wandb-summary.json
2022-02-25 14:39:33,756 INFO    Thread-8  :695471 [dir_watcher.py:_on_file_modified():230] file/dir modified: /home/sandip/Desktop/DL/Assignment 1/wandb/run-20220225_143853-p9f6j5p5/files/output.log
2022-02-25 14:39:36,790 DEBUG   SenderThread:695471 [sender.py:send():235] send: history
2022-02-25 14:39:36,791 DEBUG   SenderThread:695471 [sender.py:send():235] send: summary
2022-02-25 14:39:36,791 INFO    SenderThread:695471 [sender.py:_save_file():944] saving file wandb-summary.json with policy end
2022-02-25 14:39:37,757 INFO    Thread-8  :695471 [dir_watcher.py:_on_file_modified():230] file/dir modified: /home/sandip/Desktop/DL/Assignment 1/wandb/run-20220225_143853-p9f6j5p5/files/output.log
2022-02-25 14:39:37,757 INFO    Thread-8  :695471 [dir_watcher.py:_on_file_modified():230] file/dir modified: /home/sandip/Desktop/DL/Assignment 1/wandb/run-20220225_143853-p9f6j5p5/files/wandb-summary.json
2022-02-25 14:39:41,495 DEBUG   SenderThread:695471 [sender.py:send():235] send: history
2022-02-25 14:39:41,495 DEBUG   SenderThread:695471 [sender.py:send():235] send: summary
2022-02-25 14:39:41,495 INFO    SenderThread:695471 [sender.py:_save_file():944] saving file wandb-summary.json with policy end
2022-02-25 14:39:41,760 INFO    Thread-8  :695471 [dir_watcher.py:_on_file_modified():230] file/dir modified: /home/sandip/Desktop/DL/Assignment 1/wandb/run-20220225_143853-p9f6j5p5/files/wandb-summary.json
2022-02-25 14:39:43,760 INFO    Thread-8  :695471 [dir_watcher.py:_on_file_modified():230] file/dir modified: /home/sandip/Desktop/DL/Assignment 1/wandb/run-20220225_143853-p9f6j5p5/files/output.log
2022-02-25 14:39:45,989 DEBUG   SenderThread:695471 [sender.py:send():235] send: history
2022-02-25 14:39:45,990 DEBUG   SenderThread:695471 [sender.py:send():235] send: summary
2022-02-25 14:39:45,990 INFO    SenderThread:695471 [sender.py:_save_file():944] saving file wandb-summary.json with policy end
2022-02-25 14:39:46,761 INFO    Thread-8  :695471 [dir_watcher.py:_on_file_modified():230] file/dir modified: /home/sandip/Desktop/DL/Assignment 1/wandb/run-20220225_143853-p9f6j5p5/files/wandb-summary.json
2022-02-25 14:39:47,114 DEBUG   HandlerThread:695471 [handler.py:handle_request():131] handle_request: stop_status
2022-02-25 14:39:47,115 DEBUG   SenderThread:695471 [sender.py:send_request():249] send_request: stop_status
2022-02-25 14:39:47,763 INFO    Thread-8  :695471 [dir_watcher.py:_on_file_modified():230] file/dir modified: /home/sandip/Desktop/DL/Assignment 1/wandb/run-20220225_143853-p9f6j5p5/files/output.log
2022-02-25 14:39:51,765 INFO    Thread-8  :695471 [dir_watcher.py:_on_file_modified():230] file/dir modified: /home/sandip/Desktop/DL/Assignment 1/wandb/run-20220225_143853-p9f6j5p5/files/output.log
2022-02-25 14:39:52,102 DEBUG   HandlerThread:695471 [handler.py:handle_request():131] handle_request: poll_exit
2022-02-25 14:39:52,765 INFO    Thread-8  :695471 [dir_watcher.py:_on_file_modified():230] file/dir modified: /home/sandip/Desktop/DL/Assignment 1/wandb/run-20220225_143853-p9f6j5p5/files/output.log
2022-02-25 14:39:54,089 DEBUG   SenderThread:695471 [sender.py:send():235] send: history
2022-02-25 14:39:54,090 DEBUG   SenderThread:695471 [sender.py:send():235] send: summary
2022-02-25 14:39:54,091 INFO    SenderThread:695471 [sender.py:_save_file():944] saving file wandb-summary.json with policy end
2022-02-25 14:39:54,091 DEBUG   SenderThread:695471 [sender.py:send():235] send: history
2022-02-25 14:39:54,092 DEBUG   SenderThread:695471 [sender.py:send():235] send: summary
2022-02-25 14:39:54,092 INFO    SenderThread:695471 [sender.py:_save_file():944] saving file wandb-summary.json with policy end
2022-02-25 14:39:54,093 DEBUG   SenderThread:695471 [sender.py:send():235] send: telemetry
2022-02-25 14:39:54,093 DEBUG   SenderThread:695471 [sender.py:send():235] send: exit
2022-02-25 14:39:54,093 INFO    SenderThread:695471 [sender.py:send_exit():371] handling exit code: 0
2022-02-25 14:39:54,094 INFO    SenderThread:695471 [sender.py:send_exit():373] handling runtime: 57
2022-02-25 14:39:54,094 INFO    SenderThread:695471 [sender.py:_save_file():944] saving file wandb-summary.json with policy end
2022-02-25 14:39:54,094 INFO    SenderThread:695471 [sender.py:send_exit():379] send defer
2022-02-25 14:39:54,095 DEBUG   SenderThread:695471 [sender.py:send_request():249] send_request: poll_exit
2022-02-25 14:39:54,096 DEBUG   HandlerThread:695471 [handler.py:handle_request():131] handle_request: defer
2022-02-25 14:39:54,096 INFO    HandlerThread:695471 [handler.py:handle_request_defer():154] handle defer: 0
2022-02-25 14:39:54,097 DEBUG   SenderThread:695471 [sender.py:send_request():249] send_request: defer
2022-02-25 14:39:54,097 INFO    SenderThread:695471 [sender.py:send_request_defer():388] handle sender defer: 0
2022-02-25 14:39:54,097 INFO    SenderThread:695471 [sender.py:transition_state():392] send defer: 1
2022-02-25 14:39:54,098 DEBUG   HandlerThread:695471 [handler.py:handle_request():131] handle_request: defer
2022-02-25 14:39:54,098 INFO    HandlerThread:695471 [handler.py:handle_request_defer():154] handle defer: 1
2022-02-25 14:39:54,186 DEBUG   SenderThread:695471 [sender.py:send_request():249] send_request: defer
2022-02-25 14:39:54,186 INFO    SenderThread:695471 [sender.py:send_request_defer():388] handle sender defer: 1
2022-02-25 14:39:54,187 INFO    SenderThread:695471 [sender.py:transition_state():392] send defer: 2
2022-02-25 14:39:54,188 DEBUG   HandlerThread:695471 [handler.py:handle_request():131] handle_request: defer
2022-02-25 14:39:54,188 INFO    HandlerThread:695471 [handler.py:handle_request_defer():154] handle defer: 2
2022-02-25 14:39:54,189 DEBUG   SenderThread:695471 [sender.py:send():235] send: stats
2022-02-25 14:39:54,189 DEBUG   SenderThread:695471 [sender.py:send_request():249] send_request: defer
2022-02-25 14:39:54,189 INFO    SenderThread:695471 [sender.py:send_request_defer():388] handle sender defer: 2
2022-02-25 14:39:54,189 INFO    SenderThread:695471 [sender.py:transition_state():392] send defer: 3
2022-02-25 14:39:54,190 DEBUG   HandlerThread:695471 [handler.py:handle_request():131] handle_request: defer
2022-02-25 14:39:54,190 INFO    HandlerThread:695471 [handler.py:handle_request_defer():154] handle defer: 3
2022-02-25 14:39:54,191 DEBUG   SenderThread:695471 [sender.py:send():235] send: summary
2022-02-25 14:39:54,192 INFO    SenderThread:695471 [sender.py:_save_file():944] saving file wandb-summary.json with policy end
2022-02-25 14:39:54,192 DEBUG   SenderThread:695471 [sender.py:send_request():249] send_request: defer
2022-02-25 14:39:54,193 INFO    SenderThread:695471 [sender.py:send_request_defer():388] handle sender defer: 3
2022-02-25 14:39:54,193 INFO    SenderThread:695471 [sender.py:transition_state():392] send defer: 4
2022-02-25 14:39:54,194 DEBUG   HandlerThread:695471 [handler.py:handle_request():131] handle_request: defer
2022-02-25 14:39:54,194 INFO    HandlerThread:695471 [handler.py:handle_request_defer():154] handle defer: 4
2022-02-25 14:39:54,194 DEBUG   SenderThread:695471 [sender.py:send_request():249] send_request: defer
2022-02-25 14:39:54,194 INFO    SenderThread:695471 [sender.py:send_request_defer():388] handle sender defer: 4
2022-02-25 14:39:54,206 DEBUG   HandlerThread:695471 [handler.py:handle_request():131] handle_request: poll_exit
2022-02-25 14:39:54,766 INFO    Thread-8  :695471 [dir_watcher.py:_on_file_modified():230] file/dir modified: /home/sandip/Desktop/DL/Assignment 1/wandb/run-20220225_143853-p9f6j5p5/files/wandb-summary.json
2022-02-25 14:39:59,309 DEBUG   HandlerThread:695471 [handler.py:handle_request():131] handle_request: poll_exit
2022-02-25 14:40:04,410 DEBUG   HandlerThread:695471 [handler.py:handle_request():131] handle_request: poll_exit
2022-02-25 14:40:09,511 DEBUG   HandlerThread:695471 [handler.py:handle_request():131] handle_request: poll_exit
2022-02-25 14:40:14,612 DEBUG   HandlerThread:695471 [handler.py:handle_request():131] handle_request: poll_exit
2022-02-25 14:40:19,713 DEBUG   HandlerThread:695471 [handler.py:handle_request():131] handle_request: poll_exit
2022-02-25 14:40:24,814 DEBUG   HandlerThread:695471 [handler.py:handle_request():131] handle_request: poll_exit
2022-02-25 14:40:27,746 ERROR   SenderThread:695471 [retry.py:__call__():126] Retry attempt failed:
Traceback (most recent call last):
  File "/home/sandip/anaconda3/lib/python3.9/site-packages/urllib3/connectionpool.py", line 445, in _make_request
    six.raise_from(e, None)
  File "<string>", line 3, in raise_from
  File "/home/sandip/anaconda3/lib/python3.9/site-packages/urllib3/connectionpool.py", line 440, in _make_request
    httplib_response = conn.getresponse()
  File "/home/sandip/anaconda3/lib/python3.9/http/client.py", line 1371, in getresponse
    response.begin()
  File "/home/sandip/anaconda3/lib/python3.9/http/client.py", line 319, in begin
    version, status, reason = self._read_status()
  File "/home/sandip/anaconda3/lib/python3.9/http/client.py", line 280, in _read_status
    line = str(self.fp.readline(_MAXLINE + 1), "iso-8859-1")
  File "/home/sandip/anaconda3/lib/python3.9/socket.py", line 704, in readinto
    return self._sock.recv_into(b)
  File "/home/sandip/anaconda3/lib/python3.9/ssl.py", line 1241, in recv_into
    return self.read(nbytes, buffer)
  File "/home/sandip/anaconda3/lib/python3.9/ssl.py", line 1099, in read
    return self._sslobj.read(len, buffer)
socket.timeout: The read operation timed out

During handling of the above exception, another exception occurred:

Traceback (most recent call last):
  File "/home/sandip/anaconda3/lib/python3.9/site-packages/requests/adapters.py", line 439, in send
    resp = conn.urlopen(
  File "/home/sandip/anaconda3/lib/python3.9/site-packages/urllib3/connectionpool.py", line 755, in urlopen
    retries = retries.increment(
  File "/home/sandip/anaconda3/lib/python3.9/site-packages/urllib3/util/retry.py", line 532, in increment
    raise six.reraise(type(error), error, _stacktrace)
  File "/home/sandip/anaconda3/lib/python3.9/site-packages/urllib3/packages/six.py", line 770, in reraise
    raise value
  File "/home/sandip/anaconda3/lib/python3.9/site-packages/urllib3/connectionpool.py", line 699, in urlopen
    httplib_response = self._make_request(
  File "/home/sandip/anaconda3/lib/python3.9/site-packages/urllib3/connectionpool.py", line 447, in _make_request
    self._raise_timeout(err=e, url=url, timeout_value=read_timeout)
  File "/home/sandip/anaconda3/lib/python3.9/site-packages/urllib3/connectionpool.py", line 336, in _raise_timeout
    raise ReadTimeoutError(
urllib3.exceptions.ReadTimeoutError: HTTPSConnectionPool(host='api.wandb.ai', port=443): Read timed out. (read timeout=10)

During handling of the above exception, another exception occurred:

Traceback (most recent call last):
  File "/home/sandip/anaconda3/lib/python3.9/site-packages/wandb/sdk/lib/retry.py", line 102, in __call__
    result = self._call_fn(*args, **kwargs)
  File "/home/sandip/anaconda3/lib/python3.9/site-packages/wandb/sdk/internal/internal_api.py", line 140, in execute
    return self.client.execute(*args, **kwargs)
  File "/home/sandip/anaconda3/lib/python3.9/site-packages/wandb/vendor/gql-0.2.0/gql/client.py", line 52, in execute
    result = self._get_result(document, *args, **kwargs)
  File "/home/sandip/anaconda3/lib/python3.9/site-packages/wandb/vendor/gql-0.2.0/gql/client.py", line 60, in _get_result
    return self.transport.execute(document, *args, **kwargs)
  File "/home/sandip/anaconda3/lib/python3.9/site-packages/wandb/vendor/gql-0.2.0/gql/transport/requests.py", line 38, in execute
    request = requests.post(self.url, **post_args)
  File "/home/sandip/anaconda3/lib/python3.9/site-packages/requests/api.py", line 117, in post
    return request('post', url, data=data, json=json, **kwargs)
  File "/home/sandip/anaconda3/lib/python3.9/site-packages/requests/api.py", line 61, in request
    return session.request(method=method, url=url, **kwargs)
  File "/home/sandip/anaconda3/lib/python3.9/site-packages/requests/sessions.py", line 542, in request
    resp = self.send(prep, **send_kwargs)
  File "/home/sandip/anaconda3/lib/python3.9/site-packages/requests/sessions.py", line 655, in send
    r = adapter.send(request, **kwargs)
  File "/home/sandip/anaconda3/lib/python3.9/site-packages/requests/adapters.py", line 529, in send
    raise ReadTimeout(e, request=request)
requests.exceptions.ReadTimeout: HTTPSConnectionPool(host='api.wandb.ai', port=443): Read timed out. (read timeout=10)
2022-02-25 14:40:29,915 DEBUG   HandlerThread:695471 [handler.py:handle_request():131] handle_request: poll_exit
2022-02-25 14:40:35,016 DEBUG   HandlerThread:695471 [handler.py:handle_request():131] handle_request: poll_exit
2022-02-25 14:40:40,117 DEBUG   HandlerThread:695471 [handler.py:handle_request():131] handle_request: poll_exit
2022-02-25 14:40:45,219 DEBUG   HandlerThread:695471 [handler.py:handle_request():131] handle_request: poll_exit
2022-02-25 14:40:50,319 DEBUG   HandlerThread:695471 [handler.py:handle_request():131] handle_request: poll_exit
2022-02-25 14:40:53,422 INFO    SenderThread:695471 [sender.py:transition_state():392] send defer: 5
2022-02-25 14:40:53,423 DEBUG   SenderThread:695471 [sender.py:send_request():249] send_request: poll_exit
2022-02-25 14:40:53,423 DEBUG   SenderThread:695471 [sender.py:send_request():249] send_request: poll_exit
2022-02-25 14:40:53,423 DEBUG   SenderThread:695471 [sender.py:send_request():249] send_request: poll_exit
2022-02-25 14:40:53,424 DEBUG   SenderThread:695471 [sender.py:send_request():249] send_request: poll_exit
2022-02-25 14:40:53,424 DEBUG   SenderThread:695471 [sender.py:send_request():249] send_request: poll_exit
2022-02-25 14:40:53,424 DEBUG   SenderThread:695471 [sender.py:send_request():249] send_request: poll_exit
2022-02-25 14:40:53,424 DEBUG   SenderThread:695471 [sender.py:send_request():249] send_request: poll_exit
2022-02-25 14:40:53,424 DEBUG   SenderThread:695471 [sender.py:send_request():249] send_request: poll_exit
2022-02-25 14:40:53,424 DEBUG   SenderThread:695471 [sender.py:send_request():249] send_request: poll_exit
2022-02-25 14:40:53,424 DEBUG   SenderThread:695471 [sender.py:send_request():249] send_request: poll_exit
2022-02-25 14:40:53,424 DEBUG   SenderThread:695471 [sender.py:send_request():249] send_request: poll_exit
2022-02-25 14:40:53,425 DEBUG   HandlerThread:695471 [handler.py:handle_request():131] handle_request: defer
2022-02-25 14:40:53,425 DEBUG   SenderThread:695471 [sender.py:send_request():249] send_request: poll_exit
2022-02-25 14:40:53,426 INFO    HandlerThread:695471 [handler.py:handle_request_defer():154] handle defer: 5
2022-02-25 14:40:53,426 DEBUG   SenderThread:695471 [sender.py:send_request():249] send_request: defer
2022-02-25 14:40:53,426 INFO    SenderThread:695471 [sender.py:send_request_defer():388] handle sender defer: 5
2022-02-25 14:40:53,426 INFO    SenderThread:695471 [dir_watcher.py:finish():283] shutting down directory watcher
2022-02-25 14:40:53,527 DEBUG   HandlerThread:695471 [handler.py:handle_request():131] handle_request: poll_exit
2022-02-25 14:40:53,783 INFO    SenderThread:695471 [dir_watcher.py:_on_file_modified():230] file/dir modified: /home/sandip/Desktop/DL/Assignment 1/wandb/run-20220225_143853-p9f6j5p5/files/config.yaml
2022-02-25 14:40:53,784 INFO    SenderThread:695471 [dir_watcher.py:finish():313] scan: /home/sandip/Desktop/DL/Assignment 1/wandb/run-20220225_143853-p9f6j5p5/files
2022-02-25 14:40:53,784 INFO    SenderThread:695471 [dir_watcher.py:finish():327] scan save: /home/sandip/Desktop/DL/Assignment 1/wandb/run-20220225_143853-p9f6j5p5/files/config.yaml config.yaml
2022-02-25 14:40:53,784 INFO    SenderThread:695471 [dir_watcher.py:finish():327] scan save: /home/sandip/Desktop/DL/Assignment 1/wandb/run-20220225_143853-p9f6j5p5/files/requirements.txt requirements.txt
2022-02-25 14:40:53,795 INFO    SenderThread:695471 [dir_watcher.py:finish():327] scan save: /home/sandip/Desktop/DL/Assignment 1/wandb/run-20220225_143853-p9f6j5p5/files/conda-environment.yaml conda-environment.yaml
2022-02-25 14:40:53,802 INFO    SenderThread:695471 [dir_watcher.py:finish():327] scan save: /home/sandip/Desktop/DL/Assignment 1/wandb/run-20220225_143853-p9f6j5p5/files/output.log output.log
2022-02-25 14:40:53,809 INFO    SenderThread:695471 [dir_watcher.py:finish():327] scan save: /home/sandip/Desktop/DL/Assignment 1/wandb/run-20220225_143853-p9f6j5p5/files/wandb-summary.json wandb-summary.json
2022-02-25 14:40:53,810 INFO    SenderThread:695471 [dir_watcher.py:finish():327] scan save: /home/sandip/Desktop/DL/Assignment 1/wandb/run-20220225_143853-p9f6j5p5/files/wandb-metadata.json wandb-metadata.json
2022-02-25 14:40:53,810 INFO    SenderThread:695471 [sender.py:transition_state():392] send defer: 6
2022-02-25 14:40:53,810 DEBUG   SenderThread:695471 [sender.py:send_request():249] send_request: poll_exit
2022-02-25 14:40:53,823 DEBUG   HandlerThread:695471 [handler.py:handle_request():131] handle_request: defer
2022-02-25 14:40:53,824 INFO    HandlerThread:695471 [handler.py:handle_request_defer():154] handle defer: 6
2022-02-25 14:40:53,828 DEBUG   SenderThread:695471 [sender.py:send_request():249] send_request: defer
2022-02-25 14:40:53,829 INFO    SenderThread:695471 [sender.py:send_request_defer():388] handle sender defer: 6
2022-02-25 14:40:53,829 INFO    SenderThread:695471 [file_pusher.py:finish():177] shutting down file pusher
2022-02-25 14:40:53,915 DEBUG   HandlerThread:695471 [handler.py:handle_request():131] handle_request: poll_exit
2022-02-25 14:40:53,915 DEBUG   SenderThread:695471 [sender.py:send_request():249] send_request: poll_exit
2022-02-25 14:40:54,017 DEBUG   HandlerThread:695471 [handler.py:handle_request():131] handle_request: poll_exit
2022-02-25 14:40:54,018 DEBUG   SenderThread:695471 [sender.py:send_request():249] send_request: poll_exit
2022-02-25 14:40:54,123 DEBUG   HandlerThread:695471 [handler.py:handle_request():131] handle_request: poll_exit
2022-02-25 14:40:54,123 DEBUG   SenderThread:695471 [sender.py:send_request():249] send_request: poll_exit
2022-02-25 14:40:54,226 DEBUG   HandlerThread:695471 [handler.py:handle_request():131] handle_request: poll_exit
2022-02-25 14:40:54,227 DEBUG   SenderThread:695471 [sender.py:send_request():249] send_request: poll_exit
2022-02-25 14:40:54,329 DEBUG   HandlerThread:695471 [handler.py:handle_request():131] handle_request: poll_exit
2022-02-25 14:40:54,329 DEBUG   SenderThread:695471 [sender.py:send_request():249] send_request: poll_exit
2022-02-25 14:40:54,431 DEBUG   HandlerThread:695471 [handler.py:handle_request():131] handle_request: poll_exit
2022-02-25 14:40:54,431 DEBUG   SenderThread:695471 [sender.py:send_request():249] send_request: poll_exit
2022-02-25 14:40:54,533 DEBUG   HandlerThread:695471 [handler.py:handle_request():131] handle_request: poll_exit
2022-02-25 14:40:54,534 DEBUG   SenderThread:695471 [sender.py:send_request():249] send_request: poll_exit
2022-02-25 14:40:54,637 DEBUG   HandlerThread:695471 [handler.py:handle_request():131] handle_request: poll_exit
2022-02-25 14:40:54,637 DEBUG   SenderThread:695471 [sender.py:send_request():249] send_request: poll_exit
2022-02-25 14:40:54,740 DEBUG   HandlerThread:695471 [handler.py:handle_request():131] handle_request: poll_exit
2022-02-25 14:40:54,741 DEBUG   SenderThread:695471 [sender.py:send_request():249] send_request: poll_exit
2022-02-25 14:40:54,844 DEBUG   HandlerThread:695471 [handler.py:handle_request():131] handle_request: poll_exit
2022-02-25 14:40:54,844 DEBUG   SenderThread:695471 [sender.py:send_request():249] send_request: poll_exit
2022-02-25 14:40:54,947 DEBUG   HandlerThread:695471 [handler.py:handle_request():131] handle_request: poll_exit
2022-02-25 14:40:54,947 DEBUG   SenderThread:695471 [sender.py:send_request():249] send_request: poll_exit
2022-02-25 14:40:55,049 DEBUG   HandlerThread:695471 [handler.py:handle_request():131] handle_request: poll_exit
2022-02-25 14:40:55,049 DEBUG   SenderThread:695471 [sender.py:send_request():249] send_request: poll_exit
2022-02-25 14:40:55,152 DEBUG   HandlerThread:695471 [handler.py:handle_request():131] handle_request: poll_exit
2022-02-25 14:40:55,153 DEBUG   SenderThread:695471 [sender.py:send_request():249] send_request: poll_exit
2022-02-25 14:40:55,256 DEBUG   HandlerThread:695471 [handler.py:handle_request():131] handle_request: poll_exit
2022-02-25 14:40:55,256 DEBUG   SenderThread:695471 [sender.py:send_request():249] send_request: poll_exit
2022-02-25 14:40:55,359 DEBUG   HandlerThread:695471 [handler.py:handle_request():131] handle_request: poll_exit
2022-02-25 14:40:55,360 DEBUG   SenderThread:695471 [sender.py:send_request():249] send_request: poll_exit
2022-02-25 14:40:55,463 DEBUG   HandlerThread:695471 [handler.py:handle_request():131] handle_request: poll_exit
2022-02-25 14:40:55,463 DEBUG   SenderThread:695471 [sender.py:send_request():249] send_request: poll_exit
2022-02-25 14:40:55,566 DEBUG   HandlerThread:695471 [handler.py:handle_request():131] handle_request: poll_exit
2022-02-25 14:40:55,567 DEBUG   SenderThread:695471 [sender.py:send_request():249] send_request: poll_exit
2022-02-25 14:40:55,670 DEBUG   HandlerThread:695471 [handler.py:handle_request():131] handle_request: poll_exit
2022-02-25 14:40:55,670 DEBUG   SenderThread:695471 [sender.py:send_request():249] send_request: poll_exit
2022-02-25 14:40:55,773 DEBUG   HandlerThread:695471 [handler.py:handle_request():131] handle_request: poll_exit
2022-02-25 14:40:55,774 DEBUG   SenderThread:695471 [sender.py:send_request():249] send_request: poll_exit
2022-02-25 14:40:55,876 DEBUG   HandlerThread:695471 [handler.py:handle_request():131] handle_request: poll_exit
2022-02-25 14:40:55,876 DEBUG   SenderThread:695471 [sender.py:send_request():249] send_request: poll_exit
2022-02-25 14:40:55,978 DEBUG   HandlerThread:695471 [handler.py:handle_request():131] handle_request: poll_exit
2022-02-25 14:40:55,979 DEBUG   SenderThread:695471 [sender.py:send_request():249] send_request: poll_exit
2022-02-25 14:40:56,080 DEBUG   HandlerThread:695471 [handler.py:handle_request():131] handle_request: poll_exit
2022-02-25 14:40:56,081 DEBUG   SenderThread:695471 [sender.py:send_request():249] send_request: poll_exit
2022-02-25 14:40:56,184 DEBUG   HandlerThread:695471 [handler.py:handle_request():131] handle_request: poll_exit
2022-02-25 14:40:56,184 DEBUG   SenderThread:695471 [sender.py:send_request():249] send_request: poll_exit
2022-02-25 14:40:56,286 DEBUG   HandlerThread:695471 [handler.py:handle_request():131] handle_request: poll_exit
2022-02-25 14:40:56,287 DEBUG   SenderThread:695471 [sender.py:send_request():249] send_request: poll_exit
2022-02-25 14:40:56,399 DEBUG   HandlerThread:695471 [handler.py:handle_request():131] handle_request: poll_exit
2022-02-25 14:40:56,399 DEBUG   SenderThread:695471 [sender.py:send_request():249] send_request: poll_exit
2022-02-25 14:40:56,502 DEBUG   HandlerThread:695471 [handler.py:handle_request():131] handle_request: poll_exit
2022-02-25 14:40:56,502 DEBUG   SenderThread:695471 [sender.py:send_request():249] send_request: poll_exit
2022-02-25 14:40:56,605 DEBUG   HandlerThread:695471 [handler.py:handle_request():131] handle_request: poll_exit
2022-02-25 14:40:56,606 DEBUG   SenderThread:695471 [sender.py:send_request():249] send_request: poll_exit
2022-02-25 14:40:56,710 DEBUG   HandlerThread:695471 [handler.py:handle_request():131] handle_request: poll_exit
2022-02-25 14:40:56,710 DEBUG   SenderThread:695471 [sender.py:send_request():249] send_request: poll_exit
2022-02-25 14:40:56,811 DEBUG   HandlerThread:695471 [handler.py:handle_request():131] handle_request: poll_exit
2022-02-25 14:40:56,811 DEBUG   SenderThread:695471 [sender.py:send_request():249] send_request: poll_exit
2022-02-25 14:40:56,913 DEBUG   HandlerThread:695471 [handler.py:handle_request():131] handle_request: poll_exit
2022-02-25 14:40:56,914 DEBUG   SenderThread:695471 [sender.py:send_request():249] send_request: poll_exit
2022-02-25 14:40:57,017 DEBUG   HandlerThread:695471 [handler.py:handle_request():131] handle_request: poll_exit
2022-02-25 14:40:57,018 DEBUG   SenderThread:695471 [sender.py:send_request():249] send_request: poll_exit
2022-02-25 14:40:57,110 INFO    Thread-16 :695471 [upload_job.py:push():137] Uploaded file /home/sandip/Desktop/DL/Assignment 1/wandb/run-20220225_143853-p9f6j5p5/files/wandb-summary.json
2022-02-25 14:40:57,121 DEBUG   HandlerThread:695471 [handler.py:handle_request():131] handle_request: poll_exit
2022-02-25 14:40:57,121 DEBUG   SenderThread:695471 [sender.py:send_request():249] send_request: poll_exit
2022-02-25 14:40:57,224 DEBUG   HandlerThread:695471 [handler.py:handle_request():131] handle_request: poll_exit
2022-02-25 14:40:57,225 DEBUG   SenderThread:695471 [sender.py:send_request():249] send_request: poll_exit
2022-02-25 14:40:57,292 INFO    Thread-12 :695471 [upload_job.py:push():137] Uploaded file /home/sandip/Desktop/DL/Assignment 1/wandb/run-20220225_143853-p9f6j5p5/files/config.yaml
2022-02-25 14:40:57,328 DEBUG   HandlerThread:695471 [handler.py:handle_request():131] handle_request: poll_exit
2022-02-25 14:40:57,328 DEBUG   SenderThread:695471 [sender.py:send_request():249] send_request: poll_exit
2022-02-25 14:40:57,431 DEBUG   HandlerThread:695471 [handler.py:handle_request():131] handle_request: poll_exit
2022-02-25 14:40:57,431 DEBUG   SenderThread:695471 [sender.py:send_request():249] send_request: poll_exit
2022-02-25 14:40:57,534 DEBUG   HandlerThread:695471 [handler.py:handle_request():131] handle_request: poll_exit
2022-02-25 14:40:57,535 DEBUG   SenderThread:695471 [sender.py:send_request():249] send_request: poll_exit
2022-02-25 14:40:57,638 DEBUG   HandlerThread:695471 [handler.py:handle_request():131] handle_request: poll_exit
2022-02-25 14:40:57,638 DEBUG   SenderThread:695471 [sender.py:send_request():249] send_request: poll_exit
2022-02-25 14:40:57,741 DEBUG   HandlerThread:695471 [handler.py:handle_request():131] handle_request: poll_exit
2022-02-25 14:40:57,742 DEBUG   SenderThread:695471 [sender.py:send_request():249] send_request: poll_exit
2022-02-25 14:40:57,845 DEBUG   HandlerThread:695471 [handler.py:handle_request():131] handle_request: poll_exit
2022-02-25 14:40:57,845 DEBUG   SenderThread:695471 [sender.py:send_request():249] send_request: poll_exit
2022-02-25 14:40:57,948 DEBUG   HandlerThread:695471 [handler.py:handle_request():131] handle_request: poll_exit
2022-02-25 14:40:57,948 DEBUG   SenderThread:695471 [sender.py:send_request():249] send_request: poll_exit
2022-02-25 14:40:58,050 DEBUG   HandlerThread:695471 [handler.py:handle_request():131] handle_request: poll_exit
2022-02-25 14:40:58,051 DEBUG   SenderThread:695471 [sender.py:send_request():249] send_request: poll_exit
2022-02-25 14:40:58,154 DEBUG   HandlerThread:695471 [handler.py:handle_request():131] handle_request: poll_exit
2022-02-25 14:40:58,154 DEBUG   SenderThread:695471 [sender.py:send_request():249] send_request: poll_exit
2022-02-25 14:40:58,257 DEBUG   HandlerThread:695471 [handler.py:handle_request():131] handle_request: poll_exit
2022-02-25 14:40:58,257 DEBUG   SenderThread:695471 [sender.py:send_request():249] send_request: poll_exit
2022-02-25 14:40:58,359 DEBUG   HandlerThread:695471 [handler.py:handle_request():131] handle_request: poll_exit
2022-02-25 14:40:58,360 DEBUG   SenderThread:695471 [sender.py:send_request():249] send_request: poll_exit
2022-02-25 14:40:58,464 DEBUG   HandlerThread:695471 [handler.py:handle_request():131] handle_request: poll_exit
2022-02-25 14:40:58,465 DEBUG   SenderThread:695471 [sender.py:send_request():249] send_request: poll_exit
2022-02-25 14:40:58,567 DEBUG   HandlerThread:695471 [handler.py:handle_request():131] handle_request: poll_exit
2022-02-25 14:40:58,567 DEBUG   SenderThread:695471 [sender.py:send_request():249] send_request: poll_exit
2022-02-25 14:40:58,669 DEBUG   HandlerThread:695471 [handler.py:handle_request():131] handle_request: poll_exit
2022-02-25 14:40:58,669 DEBUG   SenderThread:695471 [sender.py:send_request():249] send_request: poll_exit
2022-02-25 14:40:58,772 DEBUG   HandlerThread:695471 [handler.py:handle_request():131] handle_request: poll_exit
2022-02-25 14:40:58,773 DEBUG   SenderThread:695471 [sender.py:send_request():249] send_request: poll_exit
2022-02-25 14:40:58,875 DEBUG   HandlerThread:695471 [handler.py:handle_request():131] handle_request: poll_exit
2022-02-25 14:40:58,876 DEBUG   SenderThread:695471 [sender.py:send_request():249] send_request: poll_exit
2022-02-25 14:40:58,883 INFO    Thread-15 :695471 [upload_job.py:push():137] Uploaded file /home/sandip/Desktop/DL/Assignment 1/wandb/run-20220225_143853-p9f6j5p5/files/output.log
2022-02-25 14:40:58,978 DEBUG   HandlerThread:695471 [handler.py:handle_request():131] handle_request: poll_exit
2022-02-25 14:40:58,979 DEBUG   SenderThread:695471 [sender.py:send_request():249] send_request: poll_exit
2022-02-25 14:40:59,082 DEBUG   HandlerThread:695471 [handler.py:handle_request():131] handle_request: poll_exit
2022-02-25 14:40:59,082 DEBUG   SenderThread:695471 [sender.py:send_request():249] send_request: poll_exit
2022-02-25 14:40:59,185 DEBUG   HandlerThread:695471 [handler.py:handle_request():131] handle_request: poll_exit
2022-02-25 14:40:59,186 DEBUG   SenderThread:695471 [sender.py:send_request():249] send_request: poll_exit
2022-02-25 14:40:59,289 DEBUG   HandlerThread:695471 [handler.py:handle_request():131] handle_request: poll_exit
2022-02-25 14:40:59,289 DEBUG   SenderThread:695471 [sender.py:send_request():249] send_request: poll_exit
2022-02-25 14:40:59,394 DEBUG   HandlerThread:695471 [handler.py:handle_request():131] handle_request: poll_exit
2022-02-25 14:40:59,395 DEBUG   SenderThread:695471 [sender.py:send_request():249] send_request: poll_exit
2022-02-25 14:40:59,497 DEBUG   HandlerThread:695471 [handler.py:handle_request():131] handle_request: poll_exit
2022-02-25 14:40:59,498 DEBUG   SenderThread:695471 [sender.py:send_request():249] send_request: poll_exit
2022-02-25 14:40:59,600 DEBUG   HandlerThread:695471 [handler.py:handle_request():131] handle_request: poll_exit
2022-02-25 14:40:59,601 DEBUG   SenderThread:695471 [sender.py:send_request():249] send_request: poll_exit
2022-02-25 14:40:59,703 DEBUG   HandlerThread:695471 [handler.py:handle_request():131] handle_request: poll_exit
2022-02-25 14:40:59,704 DEBUG   SenderThread:695471 [sender.py:send_request():249] send_request: poll_exit
2022-02-25 14:40:59,796 INFO    Thread-13 :695471 [upload_job.py:push():137] Uploaded file /home/sandip/Desktop/DL/Assignment 1/wandb/run-20220225_143853-p9f6j5p5/files/requirements.txt
2022-02-25 14:40:59,807 DEBUG   HandlerThread:695471 [handler.py:handle_request():131] handle_request: poll_exit
2022-02-25 14:40:59,807 DEBUG   SenderThread:695471 [sender.py:send_request():249] send_request: poll_exit
2022-02-25 14:40:59,912 DEBUG   HandlerThread:695471 [handler.py:handle_request():131] handle_request: poll_exit
2022-02-25 14:40:59,913 DEBUG   SenderThread:695471 [sender.py:send_request():249] send_request: poll_exit
2022-02-25 14:41:00,016 DEBUG   HandlerThread:695471 [handler.py:handle_request():131] handle_request: poll_exit
2022-02-25 14:41:00,016 DEBUG   SenderThread:695471 [sender.py:send_request():249] send_request: poll_exit
2022-02-25 14:41:00,119 DEBUG   HandlerThread:695471 [handler.py:handle_request():131] handle_request: poll_exit
2022-02-25 14:41:00,120 DEBUG   SenderThread:695471 [sender.py:send_request():249] send_request: poll_exit
2022-02-25 14:41:00,223 DEBUG   HandlerThread:695471 [handler.py:handle_request():131] handle_request: poll_exit
2022-02-25 14:41:00,223 DEBUG   SenderThread:695471 [sender.py:send_request():249] send_request: poll_exit
2022-02-25 14:41:00,228 INFO    Thread-14 :695471 [upload_job.py:push():137] Uploaded file /home/sandip/Desktop/DL/Assignment 1/wandb/run-20220225_143853-p9f6j5p5/files/conda-environment.yaml
2022-02-25 14:41:00,326 DEBUG   HandlerThread:695471 [handler.py:handle_request():131] handle_request: poll_exit
2022-02-25 14:41:00,326 DEBUG   SenderThread:695471 [sender.py:send_request():249] send_request: poll_exit
2022-02-25 14:41:00,429 DEBUG   HandlerThread:695471 [handler.py:handle_request():131] handle_request: poll_exit
2022-02-25 14:41:00,430 DEBUG   SenderThread:695471 [sender.py:send_request():249] send_request: poll_exit
2022-02-25 14:41:00,430 INFO    Thread-7  :695471 [sender.py:transition_state():392] send defer: 7
2022-02-25 14:41:00,431 DEBUG   HandlerThread:695471 [handler.py:handle_request():131] handle_request: defer
2022-02-25 14:41:00,431 INFO    HandlerThread:695471 [handler.py:handle_request_defer():154] handle defer: 7
2022-02-25 14:41:00,432 DEBUG   SenderThread:695471 [sender.py:send_request():249] send_request: defer
2022-02-25 14:41:00,432 INFO    SenderThread:695471 [sender.py:send_request_defer():388] handle sender defer: 7
2022-02-25 14:41:00,532 DEBUG   HandlerThread:695471 [handler.py:handle_request():131] handle_request: poll_exit
2022-02-25 14:41:02,432 INFO    SenderThread:695471 [sender.py:transition_state():392] send defer: 8
2022-02-25 14:41:02,432 DEBUG   SenderThread:695471 [sender.py:send_request():249] send_request: poll_exit
2022-02-25 14:41:02,433 DEBUG   HandlerThread:695471 [handler.py:handle_request():131] handle_request: defer
2022-02-25 14:41:02,434 INFO    HandlerThread:695471 [handler.py:handle_request_defer():154] handle defer: 8
2022-02-25 14:41:02,434 DEBUG   SenderThread:695471 [sender.py:send_request():249] send_request: defer
2022-02-25 14:41:02,434 INFO    SenderThread:695471 [sender.py:send_request_defer():388] handle sender defer: 8
2022-02-25 14:41:02,435 INFO    SenderThread:695471 [sender.py:transition_state():392] send defer: 9
2022-02-25 14:41:02,436 DEBUG   HandlerThread:695471 [handler.py:handle_request():131] handle_request: defer
2022-02-25 14:41:02,437 DEBUG   SenderThread:695471 [sender.py:send():235] send: final
2022-02-25 14:41:02,437 INFO    HandlerThread:695471 [handler.py:handle_request_defer():154] handle defer: 9
2022-02-25 14:41:02,437 DEBUG   SenderThread:695471 [sender.py:send():235] send: footer
2022-02-25 14:41:02,438 DEBUG   SenderThread:695471 [sender.py:send_request():249] send_request: defer
2022-02-25 14:41:02,438 INFO    SenderThread:695471 [sender.py:send_request_defer():388] handle sender defer: 9
2022-02-25 14:41:02,536 DEBUG   HandlerThread:695471 [handler.py:handle_request():131] handle_request: poll_exit
2022-02-25 14:41:02,537 DEBUG   SenderThread:695471 [sender.py:send_request():249] send_request: poll_exit
2022-02-25 14:41:02,537 INFO    SenderThread:695471 [file_pusher.py:join():182] waiting for file pusher
2022-02-25 14:41:03,952 DEBUG   HandlerThread:695471 [handler.py:handle_request():131] handle_request: get_summary
2022-02-25 14:41:03,955 DEBUG   HandlerThread:695471 [handler.py:handle_request():131] handle_request: sampled_history
2022-02-25 14:41:03,958 DEBUG   HandlerThread:695471 [handler.py:handle_request():131] handle_request: shutdown
2022-02-25 14:41:03,958 INFO    HandlerThread:695471 [handler.py:finish():739] shutting down handler
2022-02-25 14:41:04,437 INFO    WriterThread:695471 [datastore.py:close():281] close: /home/sandip/Desktop/DL/Assignment 1/wandb/run-20220225_143853-p9f6j5p5/run-p9f6j5p5.wandb
2022-02-25 14:41:04,949 INFO    SenderThread:695471 [sender.py:finish():1075] shutting down sender
2022-02-25 14:41:04,950 INFO    SenderThread:695471 [file_pusher.py:finish():177] shutting down file pusher
2022-02-25 14:41:04,950 INFO    SenderThread:695471 [file_pusher.py:join():182] waiting for file pusher
2022-02-25 14:41:04,953 INFO    MainThread:695471 [internal.py:handle_exit():79] Internal process exited
